# JRE version: Java(TM) SE Runtime Environment (17.0.8+9) (build 17.0.8+9-LTS-211)
# Java VM: Java HotSpot(TM) 64-Bit Server VM (17.0.8+9-LTS-211, mixed mode, sharing, tiered, compressed oops, compressed class ptrs, g1 gc, windows-amd64)
GC Precious Log:
 CPUs: 8 total, 8 available
 Memory: 7847M
 Large Page Support: Disabled
 NUMA Support: Disabled
 Compressed Oops: Enabled (Zero based)
 Heap Region Size: 2M
 Heap Min Capacity: 8M
 Heap Initial Capacity: 124M
 Heap Max Capacity: 4G
 Pre-touch: Disabled
 Parallel Workers: 8
 Concurrent Workers: 2
 Concurrent Refinement Workers: 8
 Periodic GC: Disabled
Heap:
 garbage-first heap   total 782336K, used 632296K [0x0000000700000000, 0x0000000800000000)
  region size 2048K, 131 young (268288K), 6 survivors (12288K)
 Metaspace       used 135803K, committed 138048K, reserved 1179648K
  class space    used 17852K, committed 18880K, reserved 1048576K
GC Heap History (20 events):
Event: 46.673 GC heap before
{Heap before GC invocations=57 (full 0):
 garbage-first heap   total 460800K, used 357161K [0x0000000700000000, 0x0000000800000000)
  region size 2048K, 47 young (96256K), 7 survivors (14336K)
 Metaspace       used 102202K, committed 103872K, reserved 1179648K
  class space    used 14158K, committed 14912K, reserved 1048576K
}
Event: 46.701 GC heap after
{Heap after GC invocations=58 (full 0):
 garbage-first heap   total 460800K, used 292856K [0x0000000700000000, 0x0000000800000000)
  region size 2048K, 6 young (12288K), 6 survivors (12288K)
 Metaspace       used 102202K, committed 103872K, reserved 1179648K
  class space    used 14158K, committed 14912K, reserved 1048576K
}
Event: 47.927 GC heap before
{Heap before GC invocations=58 (full 0):
 garbage-first heap   total 460800K, used 366584K [0x0000000700000000, 0x0000000800000000)
  region size 2048K, 42 young (86016K), 6 survivors (12288K)
 Metaspace       used 106274K, committed 107904K, reserved 1179648K
  class space    used 14720K, committed 15488K, reserved 1048576K
}
Event: 47.959 GC heap after
{Heap after GC invocations=59 (full 0):
 garbage-first heap   total 460800K, used 311728K [0x0000000700000000, 0x0000000800000000)
  region size 2048K, 6 young (12288K), 6 survivors (12288K)
 Metaspace       used 106274K, committed 107904K, reserved 1179648K
  class space    used 14720K, committed 15488K, reserved 1048576K
}
Event: 48.901 GC heap before
{Heap before GC invocations=60 (full 0):
 garbage-first heap   total 532480K, used 367024K [0x0000000700000000, 0x0000000800000000)
  region size 2048K, 34 young (69632K), 6 survivors (12288K)
 Metaspace       used 107626K, committed 109312K, reserved 1179648K
  class space    used 14867K, committed 15616K, reserved 1048576K
}
Event: 48.915 GC heap after
{Heap after GC invocations=61 (full 0):
 garbage-first heap   total 532480K, used 320540K [0x0000000700000000, 0x0000000800000000)
  region size 2048K, 5 young (10240K), 5 survivors (10240K)
 Metaspace       used 107626K, committed 109312K, reserved 1179648K
  class space    used 14867K, committed 15616K, reserved 1048576K
}
Event: 49.009 GC heap before
{Heap before GC invocations=61 (full 0):
 garbage-first heap   total 532480K, used 336924K [0x0000000700000000, 0x0000000800000000)
  region size 2048K, 13 young (26624K), 5 survivors (10240K)
 Metaspace       used 107676K, committed 109312K, reserved 1179648K
  class space    used 14868K, committed 15616K, reserved 1048576K
}
Event: 49.024 GC heap after
{Heap after GC invocations=62 (full 0):
 garbage-first heap   total 532480K, used 275687K [0x0000000700000000, 0x0000000800000000)
  region size 2048K, 2 young (4096K), 2 survivors (4096K)
 Metaspace       used 107676K, committed 109312K, reserved 1179648K
  class space    used 14868K, committed 15616K, reserved 1048576K
}
Event: 49.146 GC heap before
{Heap before GC invocations=62 (full 0):
 garbage-first heap   total 532480K, used 296167K [0x0000000700000000, 0x0000000800000000)
  region size 2048K, 13 young (26624K), 2 survivors (4096K)
 Metaspace       used 107725K, committed 109376K, reserved 1179648K
  class space    used 14869K, committed 15616K, reserved 1048576K
}
Event: 49.162 GC heap after
{Heap after GC invocations=63 (full 0):
 garbage-first heap   total 782336K, used 257070K [0x0000000700000000, 0x0000000800000000)
  region size 2048K, 2 young (4096K), 2 survivors (4096K)
 Metaspace       used 107725K, committed 109376K, reserved 1179648K
  class space    used 14869K, committed 15616K, reserved 1048576K
}
Event: 52.208 GC heap before
{Heap before GC invocations=63 (full 0):
 garbage-first heap   total 782336K, used 537646K [0x0000000700000000, 0x0000000800000000)
  region size 2048K, 139 young (284672K), 2 survivors (4096K)
 Metaspace       used 109409K, committed 111296K, reserved 1179648K
  class space    used 15115K, committed 16000K, reserved 1048576K
}
Event: 52.229 GC heap after
{Heap after GC invocations=64 (full 0):
 garbage-first heap   total 782336K, used 284777K [0x0000000700000000, 0x0000000800000000)
  region size 2048K, 15 young (30720K), 15 survivors (30720K)
 Metaspace       used 109409K, committed 111296K, reserved 1179648K
  class space    used 15115K, committed 16000K, reserved 1048576K
}
Event: 56.924 GC heap before
{Heap before GC invocations=64 (full 0):
 garbage-first heap   total 782336K, used 581737K [0x0000000700000000, 0x0000000800000000)
  region size 2048K, 153 young (313344K), 15 survivors (30720K)
 Metaspace       used 112151K, committed 114048K, reserved 1179648K
  class space    used 15389K, committed 16256K, reserved 1048576K
}
Event: 56.991 GC heap after
{Heap after GC invocations=65 (full 0):
 garbage-first heap   total 782336K, used 311184K [0x0000000700000000, 0x0000000800000000)
  region size 2048K, 14 young (28672K), 14 survivors (28672K)
 Metaspace       used 112151K, committed 114048K, reserved 1179648K
  class space    used 15389K, committed 16256K, reserved 1048576K
}
Event: 61.027 GC heap before
{Heap before GC invocations=65 (full 0):
 garbage-first heap   total 782336K, used 599952K [0x0000000700000000, 0x0000000800000000)
  region size 2048K, 149 young (305152K), 14 survivors (28672K)
 Metaspace       used 124679K, committed 126656K, reserved 1179648K
  class space    used 16842K, committed 17728K, reserved 1048576K
}
Event: 61.059 GC heap after
{Heap after GC invocations=66 (full 0):
 garbage-first heap   total 782336K, used 334222K [0x0000000700000000, 0x0000000800000000)
  region size 2048K, 10 young (20480K), 10 survivors (20480K)
 Metaspace       used 124679K, committed 126656K, reserved 1179648K
  class space    used 16842K, committed 17728K, reserved 1048576K
}
Event: 66.431 GC heap before
{Heap before GC invocations=66 (full 0):
 garbage-first heap   total 782336K, used 620942K [0x0000000700000000, 0x0000000800000000)
  region size 2048K, 145 young (296960K), 10 survivors (20480K)
 Metaspace       used 129568K, committed 131712K, reserved 1179648K
  class space    used 17319K, committed 18304K, reserved 1048576K
}
Event: 66.451 GC heap after
{Heap after GC invocations=67 (full 0):
 garbage-first heap   total 782336K, used 356137K [0x0000000700000000, 0x0000000800000000)
  region size 2048K, 18 young (36864K), 18 survivors (36864K)
 Metaspace       used 129568K, committed 131712K, reserved 1179648K
  class space    used 17319K, committed 18304K, reserved 1048576K
}
Event: 73.298 GC heap before
{Heap before GC invocations=67 (full 0):
 garbage-first heap   total 782336K, used 651049K [0x0000000700000000, 0x0000000800000000)
  region size 2048K, 148 young (303104K), 18 survivors (36864K)
 Metaspace       used 132008K, committed 134208K, reserved 1179648K
  class space    used 17435K, committed 18432K, reserved 1048576K
}
Event: 73.380 GC heap after
{Heap after GC invocations=68 (full 0):
 garbage-first heap   total 782336K, used 361960K [0x0000000700000000, 0x0000000800000000)
  region size 2048K, 6 young (12288K), 6 survivors (12288K)
 Metaspace       used 132008K, committed 134208K, reserved 1179648K
  class space    used 17435K, committed 18432K, reserved 1048576K
}

