# JRE version: Java(TM) SE Runtime Environment (17.0.8+9) (build 17.0.8+9-LTS-211)
# Java VM: Java HotSpot(TM) 64-Bit Server VM (17.0.8+9-LTS-211, mixed mode, sharing, tiered, compressed oops, compressed class ptrs, g1 gc, windows-amd64)
GC Precious Log:
 CPUs: 8 total, 8 available
 Memory: 7847M
 Large Page Support: Disabled
 NUMA Support: Disabled
 Compressed Oops: Enabled (Zero based)
 Heap Region Size: 2M
 Heap Min Capacity: 8M
 Heap Initial Capacity: 124M
 Heap Max Capacity: 4G
 Pre-touch: Disabled
 Parallel Workers: 8
 Concurrent Workers: 2
 Concurrent Refinement Workers: 8
 Periodic GC: Disabled
Heap:
 garbage-first heap   total 317440K, used 214601K [0x0000000700000000, 0x0000000800000000)
  region size 2048K, 3 young (6144K), 3 survivors (6144K)
 Metaspace       used 97228K, committed 98752K, reserved 1179648K
  class space    used 13595K, committed 14272K, reserved 1048576K
GC Heap History (20 events):
Event: 37.382 GC heap after
{Heap after GC invocations=40 (full 0):
 garbage-first heap   total 167936K, used 117961K [0x0000000700000000, 0x0000000800000000)
  region size 2048K, 3 young (6144K), 3 survivors (6144K)
 Metaspace       used 80607K, committed 81600K, reserved 1179648K
  class space    used 11315K, committed 11776K, reserved 1048576K
}
Event: 37.424 GC heap before
{Heap before GC invocations=40 (full 0):
 garbage-first heap   total 167936K, used 120009K [0x0000000700000000, 0x0000000800000000)
  region size 2048K, 4 young (8192K), 3 survivors (6144K)
 Metaspace       used 80641K, committed 81600K, reserved 1179648K
  class space    used 11320K, committed 11776K, reserved 1048576K
}
Event: 37.427 GC heap after
{Heap after GC invocations=41 (full 0):
 garbage-first heap   total 167936K, used 118068K [0x0000000700000000, 0x0000000800000000)
  region size 2048K, 1 young (2048K), 1 survivors (2048K)
 Metaspace       used 80641K, committed 81600K, reserved 1179648K
  class space    used 11320K, committed 11776K, reserved 1048576K
}
Event: 37.640 GC heap before
{Heap before GC invocations=41 (full 0):
 garbage-first heap   total 167936K, used 134452K [0x0000000700000000, 0x0000000800000000)
  region size 2048K, 9 young (18432K), 1 survivors (2048K)
 Metaspace       used 81025K, committed 82048K, reserved 1179648K
  class space    used 11375K, committed 11840K, reserved 1048576K
}
Event: 37.647 GC heap after
{Heap after GC invocations=42 (full 0):
 garbage-first heap   total 317440K, used 123351K [0x0000000700000000, 0x0000000800000000)
  region size 2048K, 2 young (4096K), 2 survivors (4096K)
 Metaspace       used 81025K, committed 82048K, reserved 1179648K
  class space    used 11375K, committed 11840K, reserved 1048576K
}
Event: 40.522 GC heap before
{Heap before GC invocations=43 (full 0):
 garbage-first heap   total 317440K, used 231895K [0x0000000700000000, 0x0000000800000000)
  region size 2048K, 53 young (108544K), 2 survivors (4096K)
 Metaspace       used 84324K, committed 85504K, reserved 1179648K
  class space    used 11797K, committed 12352K, reserved 1048576K
}
Event: 40.544 GC heap after
{Heap after GC invocations=44 (full 0):
 garbage-first heap   total 317440K, used 154426K [0x0000000700000000, 0x0000000800000000)
  region size 2048K, 7 young (14336K), 7 survivors (14336K)
 Metaspace       used 84324K, committed 85504K, reserved 1179648K
  class space    used 11797K, committed 12352K, reserved 1048576K
}
Event: 40.579 GC heap before
{Heap before GC invocations=44 (full 0):
 garbage-first heap   total 317440K, used 156474K [0x0000000700000000, 0x0000000800000000)
  region size 2048K, 8 young (16384K), 7 survivors (14336K)
 Metaspace       used 84381K, committed 85568K, reserved 1179648K
  class space    used 11806K, committed 12352K, reserved 1048576K
}
Event: 40.590 GC heap after
{Heap after GC invocations=45 (full 0):
 garbage-first heap   total 317440K, used 156139K [0x0000000700000000, 0x0000000800000000)
  region size 2048K, 1 young (2048K), 1 survivors (2048K)
 Metaspace       used 84381K, committed 85568K, reserved 1179648K
  class space    used 11806K, committed 12352K, reserved 1048576K
}
Event: 43.804 GC heap before
{Heap before GC invocations=45 (full 0):
 garbage-first heap   total 317440K, used 240107K [0x0000000700000000, 0x0000000800000000)
  region size 2048K, 40 young (81920K), 1 survivors (2048K)
 Metaspace       used 86898K, committed 88192K, reserved 1179648K
  class space    used 12122K, committed 12736K, reserved 1048576K
}
Event: 43.822 GC heap after
{Heap after GC invocations=46 (full 0):
 garbage-first heap   total 317440K, used 177696K [0x0000000700000000, 0x0000000800000000)
  region size 2048K, 5 young (10240K), 5 survivors (10240K)
 Metaspace       used 86898K, committed 88192K, reserved 1179648K
  class space    used 12122K, committed 12736K, reserved 1048576K
}
Event: 45.903 GC heap before
{Heap before GC invocations=47 (full 0):
 garbage-first heap   total 317440K, used 239136K [0x0000000700000000, 0x0000000800000000)
  region size 2048K, 36 young (73728K), 5 survivors (10240K)
 Metaspace       used 89089K, committed 90496K, reserved 1179648K
  class space    used 12416K, committed 13056K, reserved 1048576K
}
Event: 45.924 GC heap after
{Heap after GC invocations=48 (full 0):
 garbage-first heap   total 317440K, used 192051K [0x0000000700000000, 0x0000000800000000)
  region size 2048K, 5 young (10240K), 5 survivors (10240K)
 Metaspace       used 89089K, committed 90496K, reserved 1179648K
  class space    used 12416K, committed 13056K, reserved 1048576K
}
Event: 45.965 GC heap before
{Heap before GC invocations=48 (full 0):
 garbage-first heap   total 317440K, used 196147K [0x0000000700000000, 0x0000000800000000)
  region size 2048K, 7 young (14336K), 5 survivors (10240K)
 Metaspace       used 89091K, committed 90496K, reserved 1179648K
  class space    used 12416K, committed 13056K, reserved 1048576K
}
Event: 45.987 GC heap after
{Heap after GC invocations=49 (full 0):
 garbage-first heap   total 317440K, used 192485K [0x0000000700000000, 0x0000000800000000)
  region size 2048K, 1 young (2048K), 1 survivors (2048K)
 Metaspace       used 89091K, committed 90496K, reserved 1179648K
  class space    used 12416K, committed 13056K, reserved 1048576K
}
Event: 47.435 GC heap before
{Heap before GC invocations=49 (full 0):
 garbage-first heap   total 317440K, used 247781K [0x0000000700000000, 0x0000000800000000)
  region size 2048K, 27 young (55296K), 1 survivors (2048K)
 Metaspace       used 91999K, committed 93504K, reserved 1179648K
  class space    used 12860K, committed 13504K, reserved 1048576K
}
Event: 47.443 GC heap after
{Heap after GC invocations=50 (full 0):
 garbage-first heap   total 317440K, used 207628K [0x0000000700000000, 0x0000000800000000)
  region size 2048K, 4 young (8192K), 4 survivors (8192K)
 Metaspace       used 91999K, committed 93504K, reserved 1179648K
  class space    used 12860K, committed 13504K, reserved 1048576K
}
Event: 48.145 GC heap before
{Heap before GC invocations=50 (full 0):
 garbage-first heap   total 317440K, used 250636K [0x0000000700000000, 0x0000000800000000)
  region size 2048K, 26 young (53248K), 4 survivors (8192K)
 Metaspace       used 94613K, committed 96128K, reserved 1179648K
  class space    used 13241K, committed 13888K, reserved 1048576K
}
Event: 48.191 GC heap after
{Heap after GC invocations=51 (full 0):
 garbage-first heap   total 317440K, used 210420K [0x0000000700000000, 0x0000000800000000)
  region size 2048K, 2 young (4096K), 2 survivors (4096K)
 Metaspace       used 94613K, committed 96128K, reserved 1179648K
  class space    used 13241K, committed 13888K, reserved 1048576K
}
Event: 49.506 GC heap before
{Heap before GC invocations=51 (full 0):
 garbage-first heap   total 317440K, used 255476K [0x0000000700000000, 0x0000000800000000)
  region size 2048K, 24 young (49152K), 2 survivors (4096K)
 Metaspace       used 97228K, committed 98752K, reserved 1179648K
  class space    used 13595K, committed 14272K, reserved 1048576K
}

